Arguments: 
  /home/shikha/.nvm/versions/node/v10.15.3/bin/node /usr/share/yarn/bin/yarn.js install

PATH: 
  /home/shikha/.magento-cloud/bin:/home/shikha/.composer/vendor/bin:/home/shikha/.nvm/versions/node/v10.15.3/bin:/home/shikha/.composer/vendor/bin:/home/shikha/bin:/home/shikha/.local/bin:/usr/local/sbin:/usr/local/bin:/usr/sbin:/usr/bin:/sbin:/bin:/usr/games:/usr/local/games

Yarn version: 
  1.15.2

Node version: 
  10.15.3

Platform: 
  linux x64

Trace: 
  SyntaxError: /home/shikha/Desktop/cedcommerce-work/develop/package.json: Unexpected end of JSON input
      at JSON.parse (<anonymous>)
      at /usr/share/yarn/lib/cli.js:1625:59
      at Generator.next (<anonymous>)
      at step (/usr/share/yarn/lib/cli.js:304:30)
      at /usr/share/yarn/lib/cli.js:315:13

npm manifest: 
  

yarn manifest: 
  No manifest

Lockfile: 
  No lockfile
